<?xml version="1.0" encoding="UTF-8"?>
<!-- Generated by org.testng.reporters.JUnitReportReporter -->
<testsuite skipped="0" hostname="KPCL9070" name="com.roster.TestCases.HomePageTest" tests="2" failures="0" timestamp="24 Dec 2019 13:09:58 GMT" time="39.393" errors="0">
  <testcase name="homePageTitleTest" time="14.973" classname="com.roster.TestCases.HomePageTest"/>
  <testcase name="shiftMapTest" time="24.420" classname="com.roster.TestCases.HomePageTest"/>
</testsuite> <!-- com.roster.TestCases.HomePageTest -->
