<?xml version="1.0" encoding="UTF-8"?>
<!-- Generated by org.testng.reporters.JUnitReportReporter -->
<testsuite skipped="0" hostname="KPCL9070" name="com.roster.TestCases.ShiftSwap" tests="1" failures="0" timestamp="22 Dec 2019 11:49:07 GMT" time="0.033" errors="0">
  <testcase name="f" time="0.033" classname="com.roster.TestCases.ShiftSwap"/>
</testsuite> <!-- com.roster.TestCases.ShiftSwap -->
